-----------------------------------------------------------
Server listening on 5050
-----------------------------------------------------------
Accepted connection from 10.0.0.1, port 59127
[  6] local 10.0.0.6 port 5050 connected to 10.0.0.1 port 5050
[ ID] Interval           Transfer     Bandwidth       Jitter    Lost/Total Datagrams
[  6]   0.00-1.02   sec   116 KBytes   933 Kbits/sec  1.401 ms  0/99 (0%)  
[  6]   1.02-2.00   sec   128 KBytes  1.07 Mbits/sec  1.416 ms  0/109 (0%)  
[  6]   2.00-3.00   sec   129 KBytes  1.06 Mbits/sec  3.714 ms  0/110 (0%)  
[  6]   3.00-4.15   sec  70.3 KBytes   502 Kbits/sec  39.492 ms  0/60 (0%)  
[  6]   4.15-5.03   sec   101 KBytes   937 Kbits/sec  23.596 ms  0/86 (0%)  
[  6]   5.03-6.09   sec  73.8 KBytes   572 Kbits/sec  23.800 ms  0/63 (0%)  
[  6]   6.09-7.06   sec   105 KBytes   888 Kbits/sec  47.147 ms  0/90 (0%)  
[  6]   7.06-8.09   sec  96.1 KBytes   764 Kbits/sec  29.977 ms  0/82 (0%)  
[  6]   8.09-9.05   sec  65.6 KBytes   563 Kbits/sec  30.440 ms  0/56 (0%)  
[  6]   9.05-10.00  sec   383 KBytes  3.29 Mbits/sec  1.458 ms  0/327 (0%)  
[  6]  10.00-10.07  sec  0.00 Bytes  0.00 bits/sec  1.458 ms  0/0 (0%)  
- - - - - - - - - - - - - - - - - - - - - - - - -
[ ID] Interval           Transfer     Bandwidth       Jitter    Lost/Total Datagrams
[  6]   0.00-10.07  sec  0.00 Bytes  0.00 bits/sec  1.458 ms  0/1082 (0%)  
